#
# A fatal error has been detected by the Java Runtime Environment:
#
#  EXCEPTION_ACCESS_VIOLATION (0xc0000005) at pc=0x000000003625247a, pid=6960, tid=6840
#
# JRE version: 7.0_11-b21
# Java VM: Java HotSpot(TM) 64-Bit Server VM (23.6-b04 mixed mode windows-amd64 compressed oops)
# Problematic frame:
# J  java.nio.DirectByteBuffer.getLong(I)J
#
# Failed to write core dump. Minidumps are not enabled by default on client versions of Windows
#
# If you would like to submit a bug report, please visit:
#   http://bugreport.sun.com/bugreport/crash.jsp
#

---------------  T H R E A D  ---------------

Current thread (0x0000000053c58000):  JavaThread "Main message loop" daemon [_thread_in_Java, id=6840, stack(0x0000000145fd0000,0x0000000149fd0000)]

siginfo: ExceptionCode=0xc0000005, reading address 0x0000000000000001

Registers:
RAX=0x00000000e0257ba0, RBX=0x00000000e0257ba0, RCX=0x00000000fb6ce480, RDX=0x00000000fb6ce480
RSP=0x0000000149fbc6f0, RBP=0x0000000149fbc780, RSI=0x00000000e3ea7300, RDI=0x0000000000000001
R8 =0x0000000000000000, R9 =0x00000000fc77e6f0, R10=0x0000000000000001, R11=0x0000000000000001
R12=0x0000000000000000, R13=0x0000000149fbc730, R14=0x00000000e42b4768, R15=0x0000000053c58000
RIP=0x000000003625247a, EFLAGS=0x0000000000010246

Top of Stack: (sp=0x0000000149fbc6f0)
0x0000000149fbc6f0:   0000000035138da0 0000000035138da8
0x0000000149fbc700:   00000000fffffffc 00000000e3ea39f0
0x0000000149fbc710:   0000000149fbc780 0000000035786315
0x0000000149fbc720:   0000000149fbc780 0000000035786315
0x0000000149fbc730:   0000000000000000 00000000fb6ce480
0x0000000149fbc740:   0000000149fbc740 00000000e3d609ce
0x0000000149fbc750:   0000000149fbc7a0 00000000e3d61960
0x0000000149fbc760:   00000000e42b4768 00000000e3d609e8
0x0000000149fbc770:   0000000149fbc730 0000000149fbc798
0x0000000149fbc780:   0000000149fbc7e8 00000000357869c3
0x0000000149fbc790:   00000000fb6ce480 0000000000000000
0x0000000149fbc7a0:   00000000fb6ce400 0000000149fbc7a8
0x0000000149fbc7b0:   00000000e3ea39f0 0000000149fbc7f8
0x0000000149fbc7c0:   00000000e3eb6c68 0000000000000000
0x0000000149fbc7d0:   00000000e3ea3a00 0000000149fbc798
0x0000000149fbc7e0:   0000000149fbc7f8 0000000149fbc848 

Instructions: (pc=0x000000003625247a)
0x000000003625245a:   ec 20 45 85 c0 7c 2e 44 8b 5a 1c 45 2b d8 41 83
0x000000003625246a:   fb 08 7c 21 4c 8b 52 10 44 0f b6 5a 2a 4d 63 c0
0x000000003625247a:   4b 8b 04 02 45 85 db 74 1e 48 83 c4 20 5d 85 05
0x000000003625248a:   72 db 07 d3 c3 48 89 14 24 ba 39 00 00 00 66 66 


Register to memory mapping:

RAX=0x00000000e0257ba0 is an oop
{method} 
 - klass: {other class}
RBX=0x00000000e0257ba0 is an oop
{method} 
 - klass: {other class}
RCX=0x00000000fb6ce480 is an oop
java.nio.DirectByteBuffer 
 - klass: 'java/nio/DirectByteBuffer'
RDX=0x00000000fb6ce480 is an oop
java.nio.DirectByteBuffer 
 - klass: 'java/nio/DirectByteBuffer'
RSP=0x0000000149fbc6f0 is pointing into the stack for thread: 0x0000000053c58000
RBP=0x0000000149fbc780 is pointing into the stack for thread: 0x0000000053c58000
RSI=0x00000000e3ea7300 is an oop
{instance class} 
 - klass: {other class}
RDI=0x0000000000000001 is an unknown value
R8 =0x0000000000000000 is an unknown value
R9 =0x00000000fc77e6f0 is an oop
java.lang.Class 
 - klass: 'java/lang/Class'
R10=0x0000000000000001 is an unknown value
R11=0x0000000000000001 is an unknown value
R12=0x0000000000000000 is an unknown value
R13=0x0000000149fbc730 is pointing into the stack for thread: 0x0000000053c58000
R14=0x00000000e42b4768 is an oop
{method data} 
 - klass: {other class}
R15=0x0000000053c58000 is a thread


Stack: [0x0000000145fd0000,0x0000000149fd0000],  sp=0x0000000149fbc6f0,  free space=65457k
Native frames: (J=compiled Java code, j=interpreted, Vv=VM code, C=native code)
J  java.nio.DirectByteBuffer.getLong(I)J
j  com.jniwrapper.win32.automation.types.SafeArray.getHandle()J+8
j  com.jniwrapper.win32.automation.types.SafeArray.acceptIOPerformer(Lcom/jniwrapper/IOPerformer;Lcom/jniwrapper/DataBuffer;IZZ)V+18
J  com.jniwrapper.Pointer.readReferencedObject(Z)V
j  com.jniwrapper.win32.automation.types.Variant.b(Lcom/jniwrapper/DataBuffer;IZILcom/jniwrapper/Parameter;)V+61
j  com.jniwrapper.win32.automation.types.Variant.read(Lcom/jniwrapper/DataBuffer;IZ)V+35
j  com.jniwrapper.win32.automation.types.Variant.acceptIOPerformer(Lcom/jniwrapper/IOPerformer;Lcom/jniwrapper/DataBuffer;IZZ)V+21


---------------  P R O C E S S  ---------------

Java Threads: ( => current thread )
  0x0000000077410000 JavaThread "Foxtrot Single Worker Thread #1" daemon [_thread_blocked, id=7700, stack(0x00000002110a0000,0x00000002150a0000)]
  0x0000000077412000 JavaThread "Browser Events Thread" daemon [_thread_blocked, id=7548, stack(0x0000000177d00000,0x000000017bd00000)]
  0x000000007beaf800 JavaThread "Timer-2" daemon [_thread_blocked, id=8440, stack(0x0000000149fd0000,0x000000014dfd0000)]
=>0x0000000053c58000 JavaThread "Main message loop" daemon [_thread_in_Java, id=6840, stack(0x0000000145fd0000,0x0000000149fd0000)]
  0x0000000053c54000 JavaThread "com.jniwrapper.NativeResourceCollector" daemon [_thread_blocked, id=5640, stack(0x0000000141fd0000,0x0000000145fd0000)]
  0x0000000055407800 JavaThread "Prefs Updater" daemon [_thread_blocked, id=8236, stack(0x0000000098000000,0x000000009c000000)]
  0x0000000053c55000 JavaThread "Code Analyzer updating thread" [_thread_blocked, id=4616, stack(0x000000012c000000,0x0000000130000000)]
  0x0000000053c53800 JavaThread "Code Analyzer updating thread" [_thread_blocked, id=7288, stack(0x0000000128000000,0x000000012c000000)]
  0x0000000053c52800 JavaThread "Code Analyzer updating thread" [_thread_blocked, id=6740, stack(0x0000000124000000,0x0000000128000000)]
  0x0000000053962000 JavaThread "Code Analyzer updating thread" [_thread_blocked, id=8108, stack(0x0000000120000000,0x0000000124000000)]
  0x0000000053965000 JavaThread "Code Analyzer updating thread" [_thread_blocked, id=6320, stack(0x000000011c000000,0x0000000120000000)]
  0x0000000053965800 JavaThread "Code Analyzer updating thread" [_thread_blocked, id=6168, stack(0x0000000118000000,0x000000011c000000)]
  0x000000005396a000 JavaThread "Code Analyzer updating thread" [_thread_blocked, id=3344, stack(0x0000000114000000,0x0000000118000000)]
  0x000000005396b000 JavaThread "Code Analyzer updating thread" [_thread_blocked, id=6432, stack(0x0000000110000000,0x0000000114000000)]
  0x000000005396b800 JavaThread "Code Analyzer updating thread" [_thread_blocked, id=6140, stack(0x000000010c000000,0x0000000110000000)]
  0x0000000053969800 JavaThread "Active Reference Queue Daemon" daemon [_thread_blocked, id=6820, stack(0x0000000108000000,0x000000010c000000)]
  0x0000000053968800 JavaThread "Timer-1" daemon [_thread_blocked, id=6900, stack(0x0000000104000000,0x0000000108000000)]
  0x0000000053968000 JavaThread "ClipboardMonitor Timer" daemon [_thread_blocked, id=5692, stack(0x0000000100000000,0x0000000104000000)]
  0x0000000053964000 JavaThread "Explorer NavigationContext request queue" daemon [_thread_blocked, id=6012, stack(0x00000000d8000000,0x00000000dc000000)]
  0x0000000053961000 JavaThread "AddressBar directory emptiness poller" daemon [_thread_blocked, id=4988, stack(0x00000000d0000000,0x00000000d4000000)]
  0x0000000053962800 JavaThread "Explorer Refresh Service 308929695" daemon [_thread_blocked, id=5532, stack(0x00000000cc000000,0x00000000d0000000)]
  0x000000005395f800 JavaThread "Thread-4" daemon [_thread_blocked, id=8044, stack(0x00000000c4000000,0x00000000c8000000)]
  0x000000005395f000 JavaThread "TimerQueue" daemon [_thread_blocked, id=7012, stack(0x00000000b4000000,0x00000000b8000000)]
  0x000000005395e000 JavaThread "Thread-3" daemon [_thread_blocked, id=5544, stack(0x00000000a4000000,0x00000000a8000000)]
  0x000000005395d800 JavaThread "AWT-EventQueue-0" [_thread_blocked, id=7628, stack(0x00000000a0000000,0x00000000a4000000)]
  0x000000005395c800 JavaThread "AWT-Shutdown" [_thread_blocked, id=3868, stack(0x0000000090000000,0x0000000094000000)]
  0x0000000053662800 JavaThread "FelixPackageAdmin" daemon [_thread_blocked, id=6000, stack(0x00000000b0000000,0x00000000b4000000)]
  0x0000000053681000 JavaThread "FelixStartLevel" daemon [_thread_blocked, id=7500, stack(0x00000000ac000000,0x00000000b0000000)]
  0x0000000053674000 JavaThread "FelixDispatchQueue" daemon [_thread_blocked, id=6280, stack(0x00000000a8000000,0x00000000ac000000)]
  0x0000000053366000 JavaThread "com.google.common.base.internal.Finalizer" daemon [_thread_blocked, id=7648, stack(0x000000009c000000,0x00000000a0000000)]
  0x00000000532f0800 JavaThread "AWT-Windows" daemon [_thread_in_native, id=6496, stack(0x0000000094000000,0x0000000098000000)]
  0x0000000053302800 JavaThread "Java2D Disposer" daemon [_thread_blocked, id=7084, stack(0x000000008c000000,0x0000000090000000)]
  0x000000003567d000 JavaThread "Timer-0" [_thread_blocked, id=6060, stack(0x0000000088000000,0x000000008c000000)]
  0x000000005301a800 JavaThread "EventMgr Dispatcher" daemon [_thread_in_native, id=8112, stack(0x0000000084000000,0x0000000088000000)]
  0x000000003510c800 JavaThread "Service Thread" daemon [_thread_blocked, id=6624, stack(0x0000000077d50000,0x000000007bd50000)]
  0x0000000035103800 JavaThread "C2 CompilerThread1" daemon [_thread_blocked, id=3604, stack(0x000000006ff60000,0x0000000073f60000)]
  0x00000000350ff000 JavaThread "C2 CompilerThread0" daemon [_thread_blocked, id=7692, stack(0x0000000063b60000,0x0000000067b60000)]
  0x00000000350fe000 JavaThread "Attach Listener" daemon [_thread_blocked, id=7368, stack(0x000000005d100000,0x0000000061100000)]
  0x000000003506d800 JavaThread "Finalizer" daemon [_thread_blocked, id=8152, stack(0x0000000058e10000,0x000000005ce10000)]
  0x0000000035063800 JavaThread "Reference Handler" daemon [_thread_blocked, id=4592, stack(0x000000004edd0000,0x0000000052dd0000)]
  0x0000000023fba800 JavaThread "main" [_thread_in_native, id=7580, stack(0x0000000000030000,0x0000000004030000)]

Other Threads:
  0x0000000035049000 VMThread [stack: 0x000000004add0000,0x000000004edd0000] [id=6400]
  0x00000000351de800 WatcherThread [stack: 0x0000000080000000,0x0000000084000000] [id=6904]

VM state:not at safepoint (normal execution)

VM Mutex/Monitor currently owned by a thread: None

Heap
 PSYoungGen      total 52224K, used 36145K [0x00000000fa000000, 0x00000000fe450000, 0x0000000100000000)
  eden space 38016K, 61% used [0x00000000fa000000,0x00000000fb6f4ff8,0x00000000fc520000)
  from space 14208K, 88% used [0x00000000fc520000,0x00000000fd177728,0x00000000fd300000)
  to   space 15360K, 0% used [0x00000000fd550000,0x00000000fd550000,0x00000000fe450000)
 ParOldGen       total 294912K, used 109024K [0x00000000e8000000, 0x00000000fa000000, 0x00000000fa000000)
  object space 294912K, 36% used [0x00000000e8000000,0x00000000eea780a0,0x00000000fa000000)
 PSPermGen       total 100544K, used 68365K [0x00000000e0000000, 0x00000000e6230000, 0x00000000e8000000)
  object space 100544K, 67% used [0x00000000e0000000,0x00000000e42c3690,0x00000000e6230000)

Card table byte_map: [0x0000000038840000,0x0000000038950000] byte_map_base: 0x0000000038140000

Polling page: 0x00000000092d0000

Code Cache  [0x0000000035780000, 0x0000000036280000, 0x0000000038780000)
 total_blobs=4078 nmethods=3375 adapters=651 free_code_cache=38149Kb largest_free_block=38817408

Compilation events (10 events):
Event: 94408.299 Thread 0x0000000035103800 3709             com.jniwrapper.Int16::setValue (17 bytes)
Event: 94408.301 Thread 0x0000000035103800 nmethod 3709 0x0000000035e5acd0 code [0x0000000035e5ae20, 0x0000000035e5af18]
Event: 94411.539 Thread 0x00000000350ff000 3710             com.jniwrapper.win32.com.impl.IUnknownImpl::write (25 bytes)
Event: 94411.546 Thread 0x00000000350ff000 nmethod 3710 0x0000000035e5a090 code [0x0000000035e5a200, 0x0000000035e5a5c8]
Event: 94421.841 Thread 0x0000000035103800 3712             java.nio.HeapByteBuffer::<init> (14 bytes)
Event: 94421.842 Thread 0x0000000035103800 nmethod 3712 0x0000000035c64f90 code [0x0000000035c650c0, 0x0000000035c65198]
Event: 94421.852 Thread 0x00000000350ff000 3713             com.jniwrapper.ParameterBufferImpl::<init> (27 bytes)
Event: 94421.852 Thread 0x0000000035103800 3714             com.jniwrapper.ParameterBufferImpl::a (32 bytes)
Event: 94421.853 Thread 0x0000000035103800 nmethod 3714 0x0000000035dfcf90 code [0x0000000035dfd0e0, 0x0000000035dfd1a8]
Event: 94421.853 Thread 0x00000000350ff000 nmethod 3713 0x0000000035c64c10 code [0x0000000035c64d60, 0x0000000035c64e68]

GC Heap History (10 events):
Event: 94125.741 GC heap before
{Heap before GC invocations=396 (full 7):
 PSYoungGen      total 47296K, used 44087K [0x00000000fa000000, 0x00000000fdbd0000, 0x0000000100000000)
  eden space 34432K, 100% used [0x00000000fa000000,0x00000000fc1a0000,0x00000000fc1a0000)
  from space 12864K, 75% used [0x00000000fceb0000,0x00000000fd81dcc8,0x00000000fdb40000)
  to   space 13376K, 0% used [0x00000000fc1a0000,0x00000000fc1a0000,0x00000000fceb0000)
 ParOldGen       total 294912K, used 109016K [0x00000000e8000000, 0x00000000fa000000, 0x00000000fa000000)
  object space 294912K, 36% used [0x00000000e8000000,0x00000000eea760a0,0x00000000fa000000)
 PSPermGen       total 100544K, used 68140K [0x00000000e0000000, 0x00000000e6230000, 0x00000000e8000000)
  object space 100544K, 67% used [0x00000000e0000000,0x00000000e428b1b8,0x00000000e6230000)
Event: 94125.756 GC heap after
Heap after GC invocations=396 (full 7):
 PSYoungGen      total 47808K, used 9420K [0x00000000fa000000, 0x00000000fded0000, 0x0000000100000000)
  eden space 34432K, 0% used [0x00000000fa000000,0x00000000fa000000,0x00000000fc1a0000)
  from space 13376K, 70% used [0x00000000fc1a0000,0x00000000fcad3318,0x00000000fceb0000)
  to   space 13696K, 0% used [0x00000000fd170000,0x00000000fd170000,0x00000000fded0000)
 ParOldGen       total 294912K, used 109016K [0x00000000e8000000, 0x00000000fa000000, 0x00000000fa000000)
  object space 294912K, 36% used [0x00000000e8000000,0x00000000eea760a0,0x00000000fa000000)
 PSPermGen       total 100544K, used 68140K [0x00000000e0000000, 0x00000000e6230000, 0x00000000e8000000)
  object space 100544K, 67% used [0x00000000e0000000,0x00000000e428b1b8,0x00000000e6230000)
}
Event: 94151.170 GC heap before
{Heap before GC invocations=397 (full 7):
 PSYoungGen      total 47808K, used 43852K [0x00000000fa000000, 0x00000000fded0000, 0x0000000100000000)
  eden space 34432K, 100% used [0x00000000fa000000,0x00000000fc1a0000,0x00000000fc1a0000)
  from space 13376K, 70% used [0x00000000fc1a0000,0x00000000fcad3318,0x00000000fceb0000)
  to   space 13696K, 0% used [0x00000000fd170000,0x00000000fd170000,0x00000000fded0000)
 ParOldGen       total 294912K, used 109016K [0x00000000e8000000, 0x00000000fa000000, 0x00000000fa000000)
  object space 294912K, 36% used [0x00000000e8000000,0x00000000eea760a0,0x00000000fa000000)
 PSPermGen       total 100544K, used 68316K [0x00000000e0000000, 0x00000000e6230000, 0x00000000e8000000)
  object space 100544K, 67% used [0x00000000e0000000,0x00000000e42b71d0,0x00000000e6230000)
Event: 94151.188 GC heap after
Heap after GC invocations=397 (full 7):
 PSYoungGen      total 50240K, used 9889K [0x00000000fa000000, 0x00000000fdf30000, 0x0000000100000000)
  eden space 36544K, 0% used [0x00000000fa000000,0x00000000fa000000,0x00000000fc3b0000)
  from space 13696K, 72% used [0x00000000fd170000,0x00000000fdb18620,0x00000000fded0000)
  to   space 14080K, 0% used [0x00000000fc3b0000,0x00000000fc3b0000,0x00000000fd170000)
 ParOldGen       total 294912K, used 109016K [0x00000000e8000000, 0x00000000fa000000, 0x00000000fa000000)
  object space 294912K, 36% used [0x00000000e8000000,0x00000000eea760a0,0x00000000fa000000)
 PSPermGen       total 100544K, used 68316K [0x00000000e0000000, 0x00000000e6230000, 0x00000000e8000000)
  object space 100544K, 67% used [0x00000000e0000000,0x00000000e42b71d0,0x00000000e6230000)
}
Event: 94280.164 GC heap before
{Heap before GC invocations=398 (full 7):
 PSYoungGen      total 50240K, used 46433K [0x00000000fa000000, 0x00000000fdf30000, 0x0000000100000000)
  eden space 36544K, 100% used [0x00000000fa000000,0x00000000fc3b0000,0x00000000fc3b0000)
  from space 13696K, 72% used [0x00000000fd170000,0x00000000fdb18620,0x00000000fded0000)
  to   space 14080K, 0% used [0x00000000fc3b0000,0x00000000fc3b0000,0x00000000fd170000)
 ParOldGen       total 294912K, used 109016K [0x00000000e8000000, 0x00000000fa000000, 0x00000000fa000000)
  object space 294912K, 36% used [0x00000000e8000000,0x00000000eea760a0,0x00000000fa000000)
 PSPermGen       total 100544K, used 68329K [0x00000000e0000000, 0x00000000e6230000, 0x00000000e8000000)
  object space 100544K, 67% used [0x00000000e0000000,0x00000000e42ba468,0x00000000e6230000)
Event: 94280.178 GC heap after
Heap after GC invocations=398 (full 7):
 PSYoungGen      total 50624K, used 9280K [0x00000000fa000000, 0x00000000fe120000, 0x0000000100000000)
  eden space 36544K, 0% used [0x00000000fa000000,0x00000000fa000000,0x00000000fc3b0000)
  from space 14080K, 65% used [0x00000000fc3b0000,0x00000000fccc0240,0x00000000fd170000)
  to   space 14144K, 0% used [0x00000000fd350000,0x00000000fd350000,0x00000000fe120000)
 ParOldGen       total 294912K, used 109024K [0x00000000e8000000, 0x00000000fa000000, 0x00000000fa000000)
  object space 294912K, 36% used [0x00000000e8000000,0x00000000eea780a0,0x00000000fa000000)
 PSPermGen       total 100544K, used 68329K [0x00000000e0000000, 0x00000000e6230000, 0x00000000e8000000)
  object space 100544K, 67% used [0x00000000e0000000,0x00000000e42ba468,0x00000000e6230000)
}
Event: 94342.376 GC heap before
{Heap before GC invocations=399 (full 7):
 PSYoungGen      total 50624K, used 45824K [0x00000000fa000000, 0x00000000fe120000, 0x0000000100000000)
  eden space 36544K, 100% used [0x00000000fa000000,0x00000000fc3b0000,0x00000000fc3b0000)
  from space 14080K, 65% used [0x00000000fc3b0000,0x00000000fccc0240,0x00000000fd170000)
  to   space 14144K, 0% used [0x00000000fd350000,0x00000000fd350000,0x00000000fe120000)
 ParOldGen       total 294912K, used 109024K [0x00000000e8000000, 0x00000000fa000000, 0x00000000fa000000)
  object space 294912K, 36% used [0x00000000e8000000,0x00000000eea780a0,0x00000000fa000000)
 PSPermGen       total 100544K, used 68341K [0x00000000e0000000, 0x00000000e6230000, 0x00000000e8000000)
  object space 100544K, 67% used [0x00000000e0000000,0x00000000e42bd4a0,0x00000000e6230000)
Event: 94342.385 GC heap after
Heap after GC invocations=399 (full 7):
 PSYoungGen      total 51904K, used 9530K [0x00000000fa000000, 0x00000000fe0e0000, 0x0000000100000000)
  eden space 38016K, 0% used [0x00000000fa000000,0x00000000fa000000,0x00000000fc520000)
  from space 13888K, 68% used [0x00000000fd350000,0x00000000fdc9ea58,0x00000000fe0e0000)
  to   space 14208K, 0% used [0x00000000fc520000,0x00000000fc520000,0x00000000fd300000)
 ParOldGen       total 294912K, used 109024K [0x00000000e8000000, 0x00000000fa000000, 0x00000000fa000000)
  object space 294912K, 36% used [0x00000000e8000000,0x00000000eea780a0,0x00000000fa000000)
 PSPermGen       total 100544K, used 68341K [0x00000000e0000000, 0x00000000e6230000, 0x00000000e8000000)
  object space 100544K, 67% used [0x00000000e0000000,0x00000000e42bd4a0,0x00000000e6230000)
}
Event: 94412.159 GC heap before
{Heap before GC invocations=400 (full 7):
 PSYoungGen      total 51904K, used 47546K [0x00000000fa000000, 0x00000000fe0e0000, 0x0000000100000000)
  eden space 38016K, 100% used [0x00000000fa000000,0x00000000fc520000,0x00000000fc520000)
  from space 13888K, 68% used [0x00000000fd350000,0x00000000fdc9ea58,0x00000000fe0e0000)
  to   space 14208K, 0% used [0x00000000fc520000,0x00000000fc520000,0x00000000fd300000)
 ParOldGen       total 294912K, used 109024K [0x00000000e8000000, 0x00000000fa000000, 0x00000000fa000000)
  object space 294912K, 36% used [0x00000000e8000000,0x00000000eea780a0,0x00000000fa000000)
 PSPermGen       total 100544K, used 68354K [0x00000000e0000000, 0x00000000e6230000, 0x00000000e8000000)
  object space 100544K, 67% used [0x00000000e0000000,0x00000000e42c0b88,0x00000000e6230000)
Event: 94412.178 GC heap after
Heap after GC invocations=400 (full 7):
 PSYoungGen      total 52224K, used 12637K [0x00000000fa000000, 0x00000000fe450000, 0x0000000100000000)
  eden space 38016K, 0% used [0x00000000fa000000,0x00000000fa000000,0x00000000fc520000)
  from space 14208K, 88% used [0x00000000fc520000,0x00000000fd177728,0x00000000fd300000)
  to   space 15360K, 0% used [0x00000000fd550000,0x00000000fd550000,0x00000000fe450000)
 ParOldGen       total 294912K, used 109024K [0x00000000e8000000, 0x00000000fa000000, 0x00000000fa000000)
  object space 294912K, 36% used [0x00000000e8000000,0x00000000eea780a0,0x00000000fa000000)
 PSPermGen       total 100544K, used 68354K [0x00000000e0000000, 0x00000000e6230000, 0x00000000e8000000)
  object space 100544K, 67% used [0x00000000e0000000,0x00000000e42c0b88,0x00000000e6230000)
}

Deoptimization events (10 events):
Event: 94139.033 Thread 0x0000000053c58000 Uncommon trap -12 fr.pc 0x000000003625b76c
Event: 94279.713 Thread 0x000000005395d800 Uncommon trap -34 fr.pc 0x00000000360f5304
Event: 94279.713 Thread 0x000000005395d800 Uncommon trap -34 fr.pc 0x0000000035d31be4
Event: 94342.395 Thread 0x000000005395d800 Uncommon trap -83 fr.pc 0x00000000359ee86c
Event: 94357.199 Thread 0x000000005395d800 Uncommon trap -34 fr.pc 0x00000000360f5304
Event: 94357.199 Thread 0x000000005395d800 Uncommon trap -34 fr.pc 0x0000000035d31be4
Event: 94357.199 Thread 0x000000005395d800 Uncommon trap -83 fr.pc 0x0000000035fe9584
Event: 94412.827 Thread 0x000000005395d800 Uncommon trap -58 fr.pc 0x00000000361a3e7c
Event: 94421.998 Thread 0x0000000053c58000 Uncommon trap -34 fr.pc 0x000000003622f740
Event: 94421.998 Thread 0x0000000053c58000 Uncommon trap -58 fr.pc 0x0000000036250ce0

Internal exceptions (10 events):
Event: 94358.038 Thread 0x0000000053c58000 Threw 0x00000000faf40cc8 at C:\jdk7u1_64p\jdk7u11\hotspot\src\share\vm\runtime\reflection.cpp:1039
Event: 94358.306 Thread 0x0000000053c58000 Threw 0x00000000faf5bcc0 at C:\jdk7u1_64p\jdk7u11\hotspot\src\share\vm\runtime\reflection.cpp:1039
Event: 94412.835 Thread 0x0000000053c58000 Threw 0x00000000fa36aea0 at C:\jdk7u1_64p\jdk7u11\hotspot\src\share\vm\runtime\reflection.cpp:1039
Event: 94421.801 Thread 0x0000000053c58000 Threw 0x00000000fac56a60 at C:\jdk7u1_64p\jdk7u11\hotspot\src\share\vm\runtime\reflection.cpp:1039
Event: 94421.844 Thread 0x0000000053c58000 Threw 0x00000000fafbb350 at C:\jdk7u1_64p\jdk7u11\hotspot\src\share\vm\runtime\reflection.cpp:1039
Event: 94421.850 Thread 0x0000000053c58000 Threw 0x00000000fb0bea00 at C:\jdk7u1_64p\jdk7u11\hotspot\src\share\vm\runtime\reflection.cpp:1039
Event: 94421.851 Thread 0x0000000053c58000 Threw 0x00000000fb111698 at C:\jdk7u1_64p\jdk7u11\hotspot\src\share\vm\runtime\reflection.cpp:1039
Event: 94421.852 Thread 0x0000000053c58000 Threw 0x00000000fb132d08 at C:\jdk7u1_64p\jdk7u11\hotspot\src\share\vm\runtime\reflection.cpp:1039
Event: 94421.997 Thread 0x0000000053c58000 Threw 0x00000000fb6645e0 at C:\jdk7u1_64p\jdk7u11\hotspot\src\share\vm\prims\jvm.cpp:1166
Event: 94421.998 Thread 0x0000000053c58000 Implicit null exception at 0x000000003625247a to 0x0000000000000000

Events (10 events):
Event: 94421.768 Thread 0x000000007beac800 Thread added: 0x000000007beac800
Event: 94421.788 Executing VM operation: RevokeBias
Event: 94421.789 Executing VM operation: RevokeBias done
Event: 94421.789 Thread 0x000000007beac800 Thread exited: 0x000000007beac800
Event: 94421.997 loading class 0x0000000137aec900
Event: 94421.997 loading class 0x0000000137aec900 done
Event: 94421.998 Thread 0x0000000053c58000 DEOPT PACKING pc=0x000000003622f740 sp=0x0000000149fbc4b0
Event: 94421.998 Thread 0x0000000053c58000 DEOPT UNPACKING pc=0x00000000357b9164 sp=0x0000000149fbc458 mode 2
Event: 94421.998 Thread 0x0000000053c58000 DEOPT PACKING pc=0x0000000036250ce0 sp=0x0000000149fbc490
Event: 94421.998 Thread 0x0000000053c58000 DEOPT UNPACKING pc=0x00000000357b9164 sp=0x0000000149fbc400 mode 2


Dynamic libraries:
0x0000000140000000 - 0x0000000140029000 	C:\Program Files\MATLAB\R2013b\bin\win64\MATLAB.exe
0x0000000077b70000 - 0x0000000077d1a000 	C:\Windows\SYSTEM32\ntdll.dll
0x0000000077950000 - 0x0000000077a6f000 	C:\Windows\system32\kernel32.dll
0x000007fefda00000 - 0x000007fefda6a000 	C:\Windows\system32\KERNELBASE.dll
0x000000006f060000 - 0x000000006f3dc000 	C:\Program Files\MATLAB\R2013b\bin\win64\libmwservices.dll
0x000000006fe80000 - 0x000000006ff56000 	C:\Program Files\MATLAB\R2013b\bin\win64\libmwi18n.dll
0x000000006fe70000 - 0x000000006fe7d000 	C:\Program Files\MATLAB\R2013b\bin\win64\libmwresource_core.dll
0x000000006c7d0000 - 0x000000006c868000 	C:\Program Files\MATLAB\R2013b\bin\win64\MSVCP100.dll
0x000000006af50000 - 0x000000006b022000 	C:\Program Files\MATLAB\R2013b\bin\win64\MSVCR100.dll
0x000000006c7c0000 - 0x000000006c7ce000 	C:\Program Files\MATLAB\R2013b\bin\win64\boost_date_time-vc100-mt-1_49.dll
0x000000006af20000 - 0x000000006af4c000 	C:\Program Files\MATLAB\R2013b\bin\win64\boost_filesystem-vc100-mt-1_49.dll
0x000000006c7b0000 - 0x000000006c7b9000 	C:\Program Files\MATLAB\R2013b\bin\win64\boost_system-vc100-mt-1_49.dll
0x000007feffd00000 - 0x000007feffddb000 	C:\Windows\system32\ADVAPI32.dll
0x000007fefe930000 - 0x000007fefe9cf000 	C:\Windows\system32\msvcrt.dll
0x000007fefec80000 - 0x000007fefec9f000 	C:\Windows\SYSTEM32\sechost.dll
0x000007fefe120000 - 0x000007fefe24d000 	C:\Windows\system32\RPCRT4.dll
0x000000006aef0000 - 0x000000006af15000 	C:\Program Files\MATLAB\R2013b\bin\win64\LIBEXPAT.dll
0x0000000058c80000 - 0x0000000058e0a000 	C:\Program Files\MATLAB\R2013b\bin\win64\icuin49.dll
0x000000006adb0000 - 0x000000006aeee000 	C:\Program Files\MATLAB\R2013b\bin\win64\icuuc49.dll
0x0000000057140000 - 0x0000000058262000 	C:\Program Files\MATLAB\R2013b\bin\win64\icudt49.dll
0x000000006c7a0000 - 0x000000006c7b0000 	C:\Program Files\MATLAB\R2013b\bin\win64\icuio49.dll
0x0000000004110000 - 0x00000000041cb000 	C:\Program Files\MATLAB\R2013b\bin\win64\libut.dll
0x000000006f960000 - 0x000000006fb07000 	C:\Program Files\MATLAB\R2013b\bin\win64\libmwfl.dll
0x0000000004330000 - 0x000000000473f000 	C:\Program Files\MATLAB\R2013b\bin\win64\libmwMATLAB_res.dll
0x0000000058ba0000 - 0x0000000058c7f000 	C:\Program Files\MATLAB\R2013b\bin\win64\boost_regex-vc100-mt-1_49.dll
0x0000000077a70000 - 0x0000000077b6a000 	C:\Windows\system32\USER32.dll
0x000007fefe820000 - 0x000007fefe887000 	C:\Windows\system32\GDI32.dll
0x000007fefe690000 - 0x000007fefe69e000 	C:\Windows\system32\LPK.dll
0x000007fefebb0000 - 0x000007fefec7a000 	C:\Windows\system32\USP10.dll
0x0000000063ac0000 - 0x0000000063ad1000 	C:\Program Files\MATLAB\R2013b\bin\win64\boost_signals-vc100-mt-1_49.dll
0x0000000058b80000 - 0x0000000058b91000 	C:\Program Files\MATLAB\R2013b\bin\win64\boost_thread-vc100-mt-1_49.dll
0x0000000058af0000 - 0x0000000058b7c000 	C:\Program Files\MATLAB\R2013b\bin\win64\boost_log-vc100-mt-1_49.dll
0x0000000077d40000 - 0x0000000077d47000 	C:\Windows\system32\PSAPI.DLL
0x000007fefdc10000 - 0x000007fefdc5d000 	C:\Windows\system32\WS2_32.dll
0x000007fefe110000 - 0x000007fefe118000 	C:\Windows\system32\NSI.dll
0x000007fefb560000 - 0x000007fefb593000 	C:\Program Files\MATLAB\R2013b\bin\win64\tbb.dll
0x000007fefe910000 - 0x000007fefe929000 	C:\Windows\system32\imagehlp.dll
0x000007fefc2f0000 - 0x000007fefc31c000 	C:\Windows\system32\POWRPROF.dll
0x000007fefe9d0000 - 0x000007fefeba7000 	C:\Windows\system32\SETUPAPI.dll
0x000007fefdad0000 - 0x000007fefdb06000 	C:\Windows\system32\CFGMGR32.dll
0x000007fefe250000 - 0x000007fefe32a000 	C:\Windows\system32\OLEAUT32.dll
0x000007fefdc60000 - 0x000007fefde63000 	C:\Windows\system32\ole32.dll
0x000007fefdaa0000 - 0x000007fefdaba000 	C:\Windows\system32\DEVOBJ.dll
0x0000000004740000 - 0x000000000483b000 	C:\Program Files\MATLAB\R2013b\bin\win64\libmx.dll
0x000007fefaaa0000 - 0x000007fefaac8000 	C:\Program Files\MATLAB\R2013b\bin\win64\tbbmalloc.dll
0x0000000058ad0000 - 0x0000000058ae7000 	C:\Program Files\MATLAB\R2013b\bin\win64\zlib1.dll
0x000000006ef00000 - 0x000000006ef4e000 	C:\Program Files\MATLAB\R2013b\bin\win64\libmwregexp.dll
0x000000006eeb0000 - 0x000000006eef7000 	C:\Program Files\MATLAB\R2013b\bin\win64\mpath.dll
0x0000000004840000 - 0x0000000004e68000 	C:\Program Files\MATLAB\R2013b\bin\win64\mlutil.dll
0x000000006e870000 - 0x000000006e8e7000 	C:\Program Files\MATLAB\R2013b\bin\win64\xmlcore.dll
0x0000000058880000 - 0x0000000058ac1000 	C:\Program Files\MATLAB\R2013b\bin\win64\xerces-c_2_7.dll
0x000000006e5f0000 - 0x000000006e613000 	C:\Program Files\MATLAB\R2013b\bin\win64\libmwMATLAB_settings_res.dll
0x000000006ada0000 - 0x000000006adb0000 	C:\Program Files\MATLAB\R2013b\bin\win64\boost_iostreams-vc100-mt-1_49.dll
0x0000000058830000 - 0x0000000058876000 	C:\Program Files\MATLAB\R2013b\bin\win64\boost_serialization-vc100-mt-1_49.dll
0x000007fefeca0000 - 0x000007feffa2a000 	C:\Windows\system32\SHELL32.dll
0x000007fefe890000 - 0x000007fefe901000 	C:\Windows\system32\SHLWAPI.dll
0x000000006e580000 - 0x000000006e586000 	C:\Program Files\MATLAB\R2013b\bin\win64\libmwnativedisplay.dll
0x00000000685f0000 - 0x000000006863d000 	C:\Program Files\MATLAB\R2013b\bin\win64\opccore.dll
0x00000000684f0000 - 0x00000000685c6000 	C:\Program Files\MATLAB\R2013b\bin\win64\opcmodel.dll
0x00000000684c0000 - 0x00000000684ed000 	C:\Program Files\MATLAB\R2013b\bin\win64\opczippackage.dll
0x0000000063b50000 - 0x0000000063b5e000 	C:\Program Files\MATLAB\R2013b\bin\win64\libminizip.dll
0x0000000068340000 - 0x00000000683a6000 	C:\Program Files\MATLAB\R2013b\bin\win64\opcmwservices.dll
0x000007fef80c0000 - 0x000007fef8160000 	C:\Windows\WinSxS\amd64_microsoft.windows.common-controls_6595b64144ccf1df_5.82.7601.18837_none_a4d981ff711297b6\COMCTL32.dll
0x000007feffde0000 - 0x000007feffe77000 	C:\Windows\system32\COMDLG32.dll
0x000007fefb4d0000 - 0x000007fefb4e6000 	C:\Windows\system32\NETAPI32.dll
0x000007fefb4c0000 - 0x000007fefb4cc000 	C:\Windows\system32\netutils.dll
0x000007fefd2f0000 - 0x000007fefd313000 	C:\Windows\system32\srvcli.dll
0x000007fefb4a0000 - 0x000007fefb4b5000 	C:\Windows\system32\wkscli.dll
0x000000006e4d0000 - 0x000000006e57d000 	C:\Program Files\MATLAB\R2013b\bin\win64\mcr.dll
0x000000006e110000 - 0x000000006e4d0000 	C:\Program Files\MATLAB\R2013b\bin\win64\iqm.dll
0x0000000180000000 - 0x00000001800c2000 	C:\Program Files\MATLAB\R2013b\bin\win64\m_dispatcher.dll
0x0000000004e70000 - 0x000000000566b000 	C:\Program Files\MATLAB\R2013b\bin\win64\m_interpreter.dll
0x000000006d760000 - 0x000000006d784000 	C:\Program Files\MATLAB\R2013b\bin\win64\libmex.dll
0x000000006d6e0000 - 0x000000006d75b000 	C:\Program Files\MATLAB\R2013b\bin\win64\profiler.dll
0x000000006d450000 - 0x000000006d5c8000 	C:\Program Files\MATLAB\R2013b\bin\win64\libmwmathutil.dll
0x000000006d420000 - 0x000000006d447000 	C:\Program Files\MATLAB\R2013b\bin\win64\libmwmathrng.dll
0x000000006d410000 - 0x000000006d420000 	C:\Program Files\MATLAB\R2013b\bin\win64\libmwmfl_rng.dll
0x0000000005670000 - 0x0000000005788000 	C:\Program Files\MATLAB\R2013b\bin\win64\libmwmathcore.dll
0x000000006d2b0000 - 0x000000006d313000 	C:\Program Files\MATLAB\R2013b\bin\win64\libmwspmatrix.dll
0x0000000005790000 - 0x00000000059f2000 	C:\Program Files\MATLAB\R2013b\bin\win64\mcos.dll
0x000000006cfc0000 - 0x000000006d01c000 	C:\Program Files\MATLAB\R2013b\bin\win64\libmwcholmod.dll
0x000000006cfb0000 - 0x000000006cfbc000 	C:\Program Files\MATLAB\R2013b\bin\win64\libmwamd.dll
0x000000006cfa0000 - 0x000000006cfab000 	C:\Program Files\MATLAB\R2013b\bin\win64\libmwcolamd.dll
0x000000006cf80000 - 0x000000006cf93000 	C:\Program Files\MATLAB\R2013b\bin\win64\libmwblas.dll
0x000000006cf60000 - 0x000000006cf75000 	C:\Program Files\MATLAB\R2013b\bin\win64\libmwbinder.dll
0x000000006cf50000 - 0x000000006cf5b000 	C:\Program Files\MATLAB\R2013b\bin\win64\libmwompwrapper.dll
0x000000006ced0000 - 0x000000006cf4f000 	C:\Program Files\MATLAB\R2013b\bin\win64\libmwlapack.dll
0x000000006ceb0000 - 0x000000006ced0000 	C:\Program Files\MATLAB\R2013b\bin\win64\m_pcodeio.dll
0x000000006ce50000 - 0x000000006ceac000 	C:\Program Files\MATLAB\R2013b\bin\win64\m_ir.dll
0x0000000005a00000 - 0x00000000060b5000 	C:\Program Files\MATLAB\R2013b\bin\win64\m_parser.dll
0x000000006c780000 - 0x000000006c797000 	C:\Program Files\MATLAB\R2013b\bin\win64\ir_xfmr.dll
0x000000006c770000 - 0x000000006c780000 	C:\Program Files\MATLAB\R2013b\bin\win64\mtok.dll
0x000000006c740000 - 0x000000006c768000 	C:\Program Files\MATLAB\R2013b\bin\win64\m_pcodegen.dll
0x000007fefab50000 - 0x000007fefac75000 	C:\Windows\system32\dbghelp.dll
0x000000006c710000 - 0x000000006c73f000 	C:\Program Files\MATLAB\R2013b\bin\win64\libmwbridge.dll
0x000000006c650000 - 0x000000006c706000 	C:\Program Files\MATLAB\R2013b\bin\win64\udd.dll
0x00000000060c0000 - 0x0000000006211000 	C:\Program Files\MATLAB\R2013b\bin\win64\libmwgui.dll
0x000000006c4d0000 - 0x000000006c4f8000 	C:\Program Files\MATLAB\R2013b\bin\win64\graphics_util.dll
0x0000000058770000 - 0x0000000058828000 	C:\Program Files\MATLAB\R2013b\bin\win64\libtex_base.dll
0x000000006bac0000 - 0x000000006c426000 	C:\Program Files\MATLAB\R2013b\bin\win64\hg.dll
0x000000006ba60000 - 0x000000006babd000 	C:\Program Files\MATLAB\R2013b\bin\win64\libmat.dll
0x000000006b850000 - 0x000000006ba58000 	C:\Program Files\MATLAB\R2013b\bin\win64\hdf5dll.dll
0x000000006b780000 - 0x000000006b848000 	C:\Program Files\MATLAB\R2013b\bin\win64\jmi.dll
0x000000006b770000 - 0x000000006b77e000 	C:\Program Files\MATLAB\R2013b\bin\win64\nativejava_services.dll
0x0000000006220000 - 0x0000000006262000 	C:\Program Files\MATLAB\R2013b\bin\win64\libmwhardcopy.dll
0x000000006b6d0000 - 0x000000006b72e000 	C:\Program Files\MATLAB\R2013b\bin\win64\libuij.dll
0x000000006b490000 - 0x000000006b695000 	C:\Program Files\MATLAB\R2013b\bin\win64\hgdatatypes.dll
0x0000000006270000 - 0x0000000006382000 	C:\Program Files\MATLAB\R2013b\bin\win64\hgutils.dll
0x000000006b2f0000 - 0x000000006b39e000 	C:\Program Files\MATLAB\R2013b\bin\win64\udd_mi.dll
0x000000006b2b0000 - 0x000000006b2e6000 	C:\Program Files\MATLAB\R2013b\bin\win64\libmwgbtutils.dll
0x000000006b290000 - 0x000000006b2a3000 	C:\Program Files\MATLAB\R2013b\bin\win64\libmwgbt.dll
0x0000000006390000 - 0x000000000665f000 	C:\Program Files\MATLAB\R2013b\bin\win64\uiw.dll
0x00000000041f0000 - 0x00000000041f9000 	C:\Program Files\MATLAB\R2013b\bin\win64\uinone.dll
0x0000000004200000 - 0x000000000422c000 	C:\Program Files\MATLAB\R2013b\bin\win64\libmwnativedialogs.dll
0x0000000006670000 - 0x000000000667c000 	C:\Program Files\MATLAB\R2013b\bin\win64\libmwplatform_res.dll
0x000007fefa300000 - 0x000007fefa318000 	C:\Windows\system32\MPR.dll
0x0000000056be0000 - 0x000000005713d000 	C:\Program Files\MATLAB\R2013b\bin\win64\mfc100.dll
0x000007fefb180000 - 0x000007fefb187000 	C:\Windows\system32\MSIMG32.dll
0x000007fef8dc0000 - 0x000007fef8e31000 	C:\Windows\system32\WINSPOOL.DRV
0x0000000006680000 - 0x000000000669d000 	C:\Program Files\MATLAB\R2013b\bin\win64\mwoles05.DLL
0x00000000066a0000 - 0x000000000670c000 	C:\Program Files\MATLAB\R2013b\bin\win64\comcli.dll
0x0000000058740000 - 0x000000005876b000 	C:\Program Files\MATLAB\R2013b\bin\win64\ATL100.DLL
0x0000000006710000 - 0x000000000671c000 	C:\Program Files\MATLAB\R2013b\bin\win64\mlautoregister.dll
0x0000000006720000 - 0x000000000688f000 	C:\Program Files\MATLAB\R2013b\bin\win64\mvm.dll
0x000007fefe330000 - 0x000007fefe35e000 	C:\Windows\system32\IMM32.DLL
0x000007fefde70000 - 0x000007fefdf79000 	C:\Windows\system32\MSCTF.dll
0x000007fefbf80000 - 0x000007fefbfd6000 	C:\Windows\system32\UxTheme.dll
0x000007fefb7b0000 - 0x000007fefb7c8000 	C:\Windows\system32\dwmapi.dll

VM Arguments:
jvm_args: -XX:PermSize=32m -Xms64m -XX:NewRatio=3 -XX:MaxPermSize=128m -Xmx384m -XX:MaxDirectMemorySize=2147400000 -Dsun.java2d.noddraw=true -Dsun.awt.nopixfmt=true -Xshare:off -Xrs -XX:-UseSplitVerifier -Djava.library.path=C:\Program Files\MATLAB\R2013b\bin\win64;C:\Program Files\MATLAB\R2013b\sys\jxbrowser\win64\lib vfprintf abort -Duser.language=he -Duser.country=IL 
java_command: <unknown>
Launcher Type: generic

Environment Variables:
PATH=C:\Program Files (x86)\Intel\iCLS Client\;C:\Program Files\Intel\iCLS Client\;C:\Windows\system32;C:\Windows;C:\Windows\System32\Wbem;C:\Windows\System32\WindowsPowerShell\v1.0\;C:\Program Files\Intel\Intel(R) Management Engine Components\DAL;C:\Program Files\Intel\Intel(R) Management Engine Components\IPT;C:\Program Files (x86)\Intel\Intel(R) Management Engine Components\DAL;C:\Program Files (x86)\Intel\Intel(R) Management Engine Components\IPT;C:\Program Files\MATLAB\R2013b\runtime\win64;C:\Program Files\MATLAB\R2013b\bin;C:\Program Files (x86)\MiKTeX 2.9\miktex\bin\;C:\Program Files\MATLAB\R2013b\polyspace\bin
USERNAME=Eyal Rozenberg
OS=Windows_NT
PROCESSOR_IDENTIFIER=Intel64 Family 6 Model 58 Stepping 9, GenuineIntel



---------------  S Y S T E M  ---------------

OS: Windows 7 , 64 bit Build 7601 Service Pack 1

CPU:total 4 (4 cores per cpu, 2 threads per core) family 6 model 58 stepping 9, cmov, cx8, fxsr, mmx, sse, sse2, sse3, ssse3, sse4.1, sse4.2, popcnt, avx, ht, tsc, tscinvbit, tscinv

Memory: 4k page, physical 16730672k(10492132k free), swap 33459484k(26810412k free)

vm_info: Java HotSpot(TM) 64-Bit Server VM (23.6-b04) for windows-amd64 JRE (1.7.0_11-b21), built on Jan 12 2013 02:38:42 by "java_re" with unknown MS VC++:1600

time: Thu Mar 16 11:39:19 2017
elapsed time: 94422 seconds

