#
# A fatal error has been detected by the Java Runtime Environment:
#
#  EXCEPTION_ACCESS_VIOLATION (0xc0000005) at pc=0x00000000360876ee, pid=9184, tid=9096
#
# JRE version: 7.0_11-b21
# Java VM: Java HotSpot(TM) 64-Bit Server VM (23.6-b04 mixed mode windows-amd64 compressed oops)
# Problematic frame:
# J  com.jniwrapper.g.readPointer(I)J
#
# Failed to write core dump. Minidumps are not enabled by default on client versions of Windows
#
# If you would like to submit a bug report, please visit:
#   http://bugreport.sun.com/bugreport/crash.jsp
#

---------------  T H R E A D  ---------------

Current thread (0x0000000055044800):  JavaThread "Main message loop" daemon [_thread_in_Java, id=9096, stack(0x0000000142ac0000,0x0000000146ac0000)]

siginfo: ExceptionCode=0xc0000005, reading address 0x0000000000000001

Registers:
RAX=0x00000000e3a022e0, RBX=0x00000000e3a022e0, RCX=0x00000000fbed1188, RDX=0x00000000fbed1188
RSP=0x0000000146aac7a0, RBP=0x00000000fbed1208, RSI=0x00000000e3b4cea0, RDI=0x0000000000000001
R8 =0x0000000000000000, R9 =0x00000000e025a290, R10=0x0000000000000001, R11=0x0000000000000001
R12=0x0000000000000000, R13=0x0000000146aac7d8, R14=0x0000000146aac838, R15=0x0000000055044800
RIP=0x00000000360876ee, EFLAGS=0x0000000000010246

Top of Stack: (sp=0x0000000146aac7a0)
0x0000000146aac7a0:   0000000146aac828 0000000035c1d98c
0x0000000146aac7b0:   0000000055044800 00000000000000b9
0x0000000146aac7c0:   0000000146aac828 0000000035c069c3
0x0000000146aac7d0:   0000000035c069c3 0000000000000000
0x0000000146aac7e0:   00000000fbed1188 0000000146aac7e8
0x0000000146aac7f0:   00000000e3b49590 0000000146aac838
0x0000000146aac800:   00000000e3b5c808 0000000000000000
0x0000000146aac810:   00000000e3b495a0 0000000146aac7d8
0x0000000146aac820:   0000000146aac838 0000000146aac888
0x0000000146aac830:   0000000035c06315 00000000fbec5c28
0x0000000146aac840:   00000000fbec5c28 0000000146aac848
0x0000000146aac850:   00000000e3b493aa 0000000146aac8c0
0x0000000146aac860:   00000000e3b5c808 0000000000000000
0x0000000146aac870:   00000000e3b493c0 0000000146aac838
0x0000000146aac880:   0000000146aac8d0 0000000146aac948
0x0000000146aac890:   000000003606867c 0000000000000001 

Instructions: (pc=0x00000000360876ee)
0x00000000360876ce:   8b ea 45 85 c0 7c 40 44 8b 5d 1c 45 2b d8 41 83
0x00000000360876de:   fb 08 7c 33 4c 8b 55 10 44 0f b6 5d 2a 4d 63 c0
0x00000000360876ee:   4b 8b 04 02 45 85 db 74 2a 48 83 c4 20 5d 85 05
0x00000000360876fe:   fe 88 91 d4 c3 ba de ff ff ff 41 8b ea 44 89 04 


Register to memory mapping:

RAX=0x00000000e3a022e0 is an oop
{method} 
 - klass: {other class}
RBX=0x00000000e3a022e0 is an oop
{method} 
 - klass: {other class}
RCX=0x00000000fbed1188 is an oop
com.jniwrapper.v 
 - klass: 'com/jniwrapper/v'
RDX=0x00000000fbed1188 is an oop
com.jniwrapper.v 
 - klass: 'com/jniwrapper/v'
RSP=0x0000000146aac7a0 is pointing into the stack for thread: 0x0000000055044800
RBP=0x00000000fbed1208 is an oop
java.nio.DirectByteBuffer 
 - klass: 'java/nio/DirectByteBuffer'
RSI=0x00000000e3b4cea0 is an oop
{instance class} 
 - klass: {other class}
RDI=0x0000000000000001 is an unknown value
R8 =0x0000000000000000 is an unknown value
R9 =0x00000000e025a290 is an oop
{instance class} 
 - klass: {other class}
R10=0x0000000000000001 is an unknown value
R11=0x0000000000000001 is an unknown value
R12=0x0000000000000000 is an unknown value
R13=0x0000000146aac7d8 is pointing into the stack for thread: 0x0000000055044800
R14=0x0000000146aac838 is pointing into the stack for thread: 0x0000000055044800
R15=0x0000000055044800 is a thread


Stack: [0x0000000142ac0000,0x0000000146ac0000],  sp=0x0000000146aac7a0,  free space=65457k
Native frames: (J=compiled Java code, j=interpreted, Vv=VM code, C=native code)
J  com.jniwrapper.g.readPointer(I)J


---------------  P R O C E S S  ---------------

Java Threads: ( => current thread )
  0x0000000055aab800 JavaThread "Browser Events Thread" daemon [_thread_blocked, id=7884, stack(0x00000000d8000000,0x00000000dc000000)]
  0x0000000055045800 JavaThread "Timer-2" daemon [_thread_blocked, id=8860, stack(0x0000000146ac0000,0x000000014aac0000)]
=>0x0000000055044800 JavaThread "Main message loop" daemon [_thread_in_Java, id=9096, stack(0x0000000142ac0000,0x0000000146ac0000)]
  0x0000000055044000 JavaThread "com.jniwrapper.NativeResourceCollector" daemon [_thread_blocked, id=5208, stack(0x0000000138000000,0x000000013c000000)]
  0x000000005503f800 JavaThread "Swing-Shell" daemon [_thread_blocked, id=7072, stack(0x000000013c000000,0x0000000140000000)]
  0x0000000055aa6800 JavaThread "Code Analyzer updating thread" [_thread_blocked, id=8468, stack(0x0000000128000000,0x000000012c000000)]
  0x0000000053b2a000 JavaThread "Code Analyzer updating thread" [_thread_blocked, id=5720, stack(0x0000000124000000,0x0000000128000000)]
  0x0000000053b2b000 JavaThread "Code Analyzer updating thread" [_thread_blocked, id=8856, stack(0x0000000120000000,0x0000000124000000)]
  0x0000000053b2d000 JavaThread "Code Analyzer updating thread" [_thread_blocked, id=7488, stack(0x000000011c000000,0x0000000120000000)]
  0x0000000053b30000 JavaThread "Code Analyzer updating thread" [_thread_blocked, id=2420, stack(0x0000000118000000,0x000000011c000000)]
  0x0000000053b32800 JavaThread "Code Analyzer updating thread" [_thread_blocked, id=5476, stack(0x0000000114000000,0x0000000118000000)]
  0x0000000053b33000 JavaThread "Code Analyzer updating thread" [_thread_blocked, id=8820, stack(0x0000000110000000,0x0000000114000000)]
  0x0000000053b35800 JavaThread "Code Analyzer updating thread" [_thread_blocked, id=8412, stack(0x000000010c000000,0x0000000110000000)]
  0x0000000053b34800 JavaThread "Code Analyzer updating thread" [_thread_blocked, id=7712, stack(0x0000000108000000,0x000000010c000000)]
  0x0000000053b34000 JavaThread "Active Reference Queue Daemon" daemon [_thread_blocked, id=7144, stack(0x0000000104000000,0x0000000108000000)]
  0x0000000053b2e000 JavaThread "Timer-1" daemon [_thread_blocked, id=5348, stack(0x0000000100000000,0x0000000104000000)]
  0x0000000053b31800 JavaThread "ClipboardMonitor Timer" daemon [_thread_blocked, id=9116, stack(0x00000000dc000000,0x00000000e0000000)]
  0x0000000053b2f800 JavaThread "Explorer NavigationContext request queue" daemon [_thread_blocked, id=7720, stack(0x00000000d4000000,0x00000000d8000000)]
  0x0000000053b2b800 JavaThread "AddressBar directory emptiness poller" daemon [_thread_blocked, id=8828, stack(0x00000000cc000000,0x00000000d0000000)]
  0x0000000053b2c800 JavaThread "Explorer Refresh Service 1438834826" daemon [_thread_blocked, id=4872, stack(0x00000000c8000000,0x00000000cc000000)]
  0x0000000053b29800 JavaThread "Thread-4" daemon [_thread_blocked, id=8564, stack(0x00000000c0000000,0x00000000c4000000)]
  0x0000000053b28800 JavaThread "TimerQueue" daemon [_thread_blocked, id=7832, stack(0x00000000b4000000,0x00000000b8000000)]
  0x0000000053b28000 JavaThread "Thread-3" daemon [_thread_blocked, id=5968, stack(0x00000000a4000000,0x00000000a8000000)]
  0x0000000053b27000 JavaThread "AWT-EventQueue-0" [_thread_blocked, id=9172, stack(0x00000000a0000000,0x00000000a4000000)]
  0x0000000053b26800 JavaThread "AWT-Shutdown" [_thread_blocked, id=8088, stack(0x0000000090000000,0x0000000094000000)]
  0x000000005383f000 JavaThread "FelixPackageAdmin" daemon [_thread_blocked, id=6812, stack(0x00000000b0000000,0x00000000b4000000)]
  0x000000005383e800 JavaThread "FelixStartLevel" daemon [_thread_blocked, id=5500, stack(0x00000000ac000000,0x00000000b0000000)]
  0x0000000053a69000 JavaThread "FelixDispatchQueue" daemon [_thread_blocked, id=9052, stack(0x00000000a8000000,0x00000000ac000000)]
  0x000000005359a000 JavaThread "com.google.common.base.internal.Finalizer" daemon [_thread_blocked, id=2116, stack(0x000000009c000000,0x00000000a0000000)]
  0x00000000535c5000 JavaThread "AWT-Windows" daemon [_thread_in_native, id=8876, stack(0x0000000094000000,0x0000000098000000)]
  0x00000000535c3800 JavaThread "Java2D Disposer" daemon [_thread_blocked, id=8668, stack(0x000000008c000000,0x0000000090000000)]
  0x00000000533bc000 JavaThread "Timer-0" [_thread_blocked, id=8984, stack(0x0000000088000000,0x000000008c000000)]
  0x000000005327a800 JavaThread "EventMgr Dispatcher" daemon [_thread_in_native, id=4456, stack(0x0000000084000000,0x0000000088000000)]
  0x0000000035689000 JavaThread "Service Thread" daemon [_thread_blocked, id=7004, stack(0x0000000077d50000,0x000000007bd50000)]
  0x0000000035680800 JavaThread "C2 CompilerThread1" daemon [_thread_blocked, id=7696, stack(0x000000006ff60000,0x0000000073f60000)]
  0x000000003567b800 JavaThread "C2 CompilerThread0" daemon [_thread_blocked, id=8272, stack(0x0000000063b60000,0x0000000067b60000)]
  0x000000003567a800 JavaThread "Attach Listener" daemon [_thread_blocked, id=8608, stack(0x000000005ce10000,0x0000000060e10000)]
  0x00000000355ec000 JavaThread "Finalizer" daemon [_thread_blocked, id=7556, stack(0x0000000058e10000,0x000000005ce10000)]
  0x00000000355da000 JavaThread "Reference Handler" daemon [_thread_blocked, id=7172, stack(0x000000004f100000,0x0000000053100000)]
  0x0000000035457000 JavaThread "main" [_thread_in_native, id=6284, stack(0x0000000000030000,0x0000000004030000)]

Other Threads:
  0x00000000242af800 VMThread [stack: 0x000000004b100000,0x000000004f100000] [id=8628]
  0x00000000356d8000 WatcherThread [stack: 0x0000000080000000,0x0000000084000000] [id=2616]

VM state:not at safepoint (normal execution)

VM Mutex/Monitor currently owned by a thread: None

Heap
 PSYoungGen      total 81664K, used 43464K [0x00000000fa000000, 0x0000000100000000, 0x0000000100000000)
  eden space 70528K, 45% used [0x00000000fa000000,0x00000000fbf97940,0x00000000fe4e0000)
  from space 11136K, 99% used [0x00000000fe4e0000,0x00000000fefba750,0x00000000fefc0000)
  to   space 14848K, 0% used [0x00000000ff180000,0x00000000ff180000,0x0000000100000000)
 ParOldGen       total 108096K, used 60722K [0x00000000e8000000, 0x00000000ee990000, 0x00000000fa000000)
  object space 108096K, 56% used [0x00000000e8000000,0x00000000ebb4caf8,0x00000000ee990000)
 PSPermGen       total 114880K, used 64622K [0x00000000e0000000, 0x00000000e7030000, 0x00000000e8000000)
  object space 114880K, 56% used [0x00000000e0000000,0x00000000e3f1b830,0x00000000e7030000)

Card table byte_map: [0x0000000038c00000,0x0000000038d10000] byte_map_base: 0x0000000038500000

Polling page: 0x000000000a9a0000

Code Cache  [0x0000000035c00000, 0x0000000036170000, 0x0000000038c00000)
 total_blobs=2626 nmethods=1941 adapters=634 free_code_cache=43809Kb largest_free_block=44636608

Compilation events (10 events):
Event: 241.886 Thread 0x000000003567b800 2096             sun.awt.AWTAutoShutdown::notifyToolkitThreadBusy (8 bytes)
Event: 241.886 Thread 0x0000000035680800 2097             sun.awt.AWTAutoShutdown::notifyToolkitThreadFree (8 bytes)
Event: 241.886 Thread 0x000000003567b800 nmethod 2096 0x0000000036154850 code [0x00000000361549a0, 0x0000000036154a08]
Event: 241.886 Thread 0x0000000035680800 nmethod 2097 0x0000000036161050 code [0x00000000361611a0, 0x0000000036161208]
Event: 242.205 Thread 0x0000000035680800 2098             com.mathworks.widgets.text.STPMessagePanel$MessagePanelToolTipListener::isTipShowing (13 bytes)
Event: 242.206 Thread 0x0000000035680800 nmethod 2098 0x0000000036160e10 code [0x0000000036160f40, 0x0000000036160fb8]
Event: 243.186 Thread 0x000000003567b800 2099             java.nio.Buffer::checkBounds (25 bytes)
Event: 243.187 Thread 0x000000003567b800 nmethod 2099 0x0000000035ff4590 code [0x0000000035ff46c0, 0x0000000035ff4718]
Event: 243.239 Thread 0x0000000035680800 2100             com.jniwrapper.Int32::<init> (12 bytes)
Event: 243.241 Thread 0x0000000035680800 nmethod 2100 0x0000000036061490 code [0x0000000036061640, 0x00000000360618c0]

GC Heap History (10 events):
Event: 53.352 GC heap before
{Heap before GC invocations=39 (full 2):
 PSYoungGen      total 83200K, used 70016K [0x00000000fa000000, 0x0000000100000000, 0x0000000100000000)
  eden space 70016K, 100% used [0x00000000fa000000,0x00000000fe460000,0x00000000fe460000)
  from space 13184K, 0% used [0x00000000ff110000,0x00000000ff110000,0x00000000ffdf0000)
  to   space 12992K, 0% used [0x00000000fe460000,0x00000000fe460000,0x00000000ff110000)
 ParOldGen       total 108096K, used 60722K [0x00000000e8000000, 0x00000000ee990000, 0x00000000fa000000)
  object space 108096K, 56% used [0x00000000e8000000,0x00000000ebb4caf8,0x00000000ee990000)
 PSPermGen       total 114880K, used 62150K [0x00000000e0000000, 0x00000000e7030000, 0x00000000e8000000)
  object space 114880K, 54% used [0x00000000e0000000,0x00000000e3cb19c0,0x00000000e7030000)
Event: 53.358 GC heap after
Heap after GC invocations=39 (full 2):
 PSYoungGen      total 83008K, used 7224K [0x00000000fa000000, 0x00000000fffb0000, 0x0000000100000000)
  eden space 70016K, 0% used [0x00000000fa000000,0x00000000fa000000,0x00000000fe460000)
  from space 12992K, 55% used [0x00000000fe460000,0x00000000feb6e038,0x00000000ff110000)
  to   space 12928K, 0% used [0x00000000ff310000,0x00000000ff310000,0x00000000fffb0000)
 ParOldGen       total 108096K, used 60722K [0x00000000e8000000, 0x00000000ee990000, 0x00000000fa000000)
  object space 108096K, 56% used [0x00000000e8000000,0x00000000ebb4caf8,0x00000000ee990000)
 PSPermGen       total 114880K, used 62150K [0x00000000e0000000, 0x00000000e7030000, 0x00000000e8000000)
  object space 114880K, 54% used [0x00000000e0000000,0x00000000e3cb19c0,0x00000000e7030000)
}
Event: 53.968 GC heap before
{Heap before GC invocations=40 (full 2):
 PSYoungGen      total 83008K, used 77240K [0x00000000fa000000, 0x00000000fffb0000, 0x0000000100000000)
  eden space 70016K, 100% used [0x00000000fa000000,0x00000000fe460000,0x00000000fe460000)
  from space 12992K, 55% used [0x00000000fe460000,0x00000000feb6e038,0x00000000ff110000)
  to   space 12928K, 0% used [0x00000000ff310000,0x00000000ff310000,0x00000000fffb0000)
 ParOldGen       total 108096K, used 60722K [0x00000000e8000000, 0x00000000ee990000, 0x00000000fa000000)
  object space 108096K, 56% used [0x00000000e8000000,0x00000000ebb4caf8,0x00000000ee990000)
 PSPermGen       total 114880K, used 63940K [0x00000000e0000000, 0x00000000e7030000, 0x00000000e8000000)
  object space 114880K, 55% used [0x00000000e0000000,0x00000000e3e71398,0x00000000e7030000)
Event: 53.976 GC heap after
Heap after GC invocations=40 (full 2):
 PSYoungGen      total 84864K, used 7940K [0x00000000fa000000, 0x0000000100000000, 0x0000000100000000)
  eden space 71936K, 0% used [0x00000000fa000000,0x00000000fa000000,0x00000000fe640000)
  from space 12928K, 61% used [0x00000000ff310000,0x00000000ffad1088,0x00000000fffb0000)
  to   space 13120K, 0% used [0x00000000fe640000,0x00000000fe640000,0x00000000ff310000)
 ParOldGen       total 108096K, used 60722K [0x00000000e8000000, 0x00000000ee990000, 0x00000000fa000000)
  object space 108096K, 56% used [0x00000000e8000000,0x00000000ebb4caf8,0x00000000ee990000)
 PSPermGen       total 114880K, used 63940K [0x00000000e0000000, 0x00000000e7030000, 0x00000000e8000000)
  object space 114880K, 55% used [0x00000000e0000000,0x00000000e3e71398,0x00000000e7030000)
}
Event: 108.293 GC heap before
{Heap before GC invocations=41 (full 2):
 PSYoungGen      total 84864K, used 79876K [0x00000000fa000000, 0x0000000100000000, 0x0000000100000000)
  eden space 71936K, 100% used [0x00000000fa000000,0x00000000fe640000,0x00000000fe640000)
  from space 12928K, 61% used [0x00000000ff310000,0x00000000ffad1088,0x00000000fffb0000)
  to   space 13120K, 0% used [0x00000000fe640000,0x00000000fe640000,0x00000000ff310000)
 ParOldGen       total 108096K, used 60722K [0x00000000e8000000, 0x00000000ee990000, 0x00000000fa000000)
  object space 108096K, 56% used [0x00000000e8000000,0x00000000ebb4caf8,0x00000000ee990000)
 PSPermGen       total 114880K, used 64068K [0x00000000e0000000, 0x00000000e7030000, 0x00000000e8000000)
  object space 114880K, 55% used [0x00000000e0000000,0x00000000e3e913c0,0x00000000e7030000)
Event: 108.316 GC heap after
Heap after GC invocations=41 (full 2):
 PSYoungGen      total 81920K, used 9976K [0x00000000fa000000, 0x0000000100000000, 0x0000000100000000)
  eden space 71936K, 0% used [0x00000000fa000000,0x00000000fa000000,0x00000000fe640000)
  from space 9984K, 99% used [0x00000000fe640000,0x00000000feffe030,0x00000000ff000000)
  to   space 13952K, 0% used [0x00000000ff260000,0x00000000ff260000,0x0000000100000000)
 ParOldGen       total 108096K, used 60722K [0x00000000e8000000, 0x00000000ee990000, 0x00000000fa000000)
  object space 108096K, 56% used [0x00000000e8000000,0x00000000ebb4caf8,0x00000000ee990000)
 PSPermGen       total 114880K, used 64068K [0x00000000e0000000, 0x00000000e7030000, 0x00000000e8000000)
  object space 114880K, 55% used [0x00000000e0000000,0x00000000e3e913c0,0x00000000e7030000)
}
Event: 203.809 GC heap before
{Heap before GC invocations=42 (full 2):
 PSYoungGen      total 81920K, used 81912K [0x00000000fa000000, 0x0000000100000000, 0x0000000100000000)
  eden space 71936K, 100% used [0x00000000fa000000,0x00000000fe640000,0x00000000fe640000)
  from space 9984K, 99% used [0x00000000fe640000,0x00000000feffe030,0x00000000ff000000)
  to   space 13952K, 0% used [0x00000000ff260000,0x00000000ff260000,0x0000000100000000)
 ParOldGen       total 108096K, used 60722K [0x00000000e8000000, 0x00000000ee990000, 0x00000000fa000000)
  object space 108096K, 56% used [0x00000000e8000000,0x00000000ebb4caf8,0x00000000ee990000)
 PSPermGen       total 114880K, used 64227K [0x00000000e0000000, 0x00000000e7030000, 0x00000000e8000000)
  object space 114880K, 55% used [0x00000000e0000000,0x00000000e3eb8c10,0x00000000e7030000)
Event: 203.824 GC heap after
Heap after GC invocations=42 (full 2):
 PSYoungGen      total 84480K, used 7998K [0x00000000fa000000, 0x0000000100000000, 0x0000000100000000)
  eden space 70528K, 0% used [0x00000000fa000000,0x00000000fa000000,0x00000000fe4e0000)
  from space 13952K, 57% used [0x00000000ff260000,0x00000000ffa2fac0,0x0000000100000000)
  to   space 13824K, 0% used [0x00000000fe4e0000,0x00000000fe4e0000,0x00000000ff260000)
 ParOldGen       total 108096K, used 60722K [0x00000000e8000000, 0x00000000ee990000, 0x00000000fa000000)
  object space 108096K, 56% used [0x00000000e8000000,0x00000000ebb4caf8,0x00000000ee990000)
 PSPermGen       total 114880K, used 64227K [0x00000000e0000000, 0x00000000e7030000, 0x00000000e8000000)
  object space 114880K, 55% used [0x00000000e0000000,0x00000000e3eb8c10,0x00000000e7030000)
}
Event: 230.860 GC heap before
{Heap before GC invocations=43 (full 2):
 PSYoungGen      total 84480K, used 78526K [0x00000000fa000000, 0x0000000100000000, 0x0000000100000000)
  eden space 70528K, 100% used [0x00000000fa000000,0x00000000fe4e0000,0x00000000fe4e0000)
  from space 13952K, 57% used [0x00000000ff260000,0x00000000ffa2fac0,0x0000000100000000)
  to   space 13824K, 0% used [0x00000000fe4e0000,0x00000000fe4e0000,0x00000000ff260000)
 ParOldGen       total 108096K, used 60722K [0x00000000e8000000, 0x00000000ee990000, 0x00000000fa000000)
  object space 108096K, 56% used [0x00000000e8000000,0x00000000ebb4caf8,0x00000000ee990000)
 PSPermGen       total 114880K, used 64593K [0x00000000e0000000, 0x00000000e7030000, 0x00000000e8000000)
  object space 114880K, 56% used [0x00000000e0000000,0x00000000e3f146c0,0x00000000e7030000)
Event: 230.886 GC heap after
Heap after GC invocations=43 (full 2):
 PSYoungGen      total 81664K, used 11113K [0x00000000fa000000, 0x0000000100000000, 0x0000000100000000)
  eden space 70528K, 0% used [0x00000000fa000000,0x00000000fa000000,0x00000000fe4e0000)
  from space 11136K, 99% used [0x00000000fe4e0000,0x00000000fefba750,0x00000000fefc0000)
  to   space 14848K, 0% used [0x00000000ff180000,0x00000000ff180000,0x0000000100000000)
 ParOldGen       total 108096K, used 60722K [0x00000000e8000000, 0x00000000ee990000, 0x00000000fa000000)
  object space 108096K, 56% used [0x00000000e8000000,0x00000000ebb4caf8,0x00000000ee990000)
 PSPermGen       total 114880K, used 64593K [0x00000000e0000000, 0x00000000e7030000, 0x00000000e8000000)
  object space 114880K, 56% used [0x00000000e0000000,0x00000000e3f146c0,0x00000000e7030000)
}

Deoptimization events (10 events):
Event: 221.613 Thread 0x0000000055aa5800 Uncommon trap -34 fr.pc 0x0000000035e9cfac
Event: 230.889 Thread 0x0000000055044800 Uncommon trap -83 fr.pc 0x00000000360647c4
Event: 231.700 Thread 0x0000000055044800 Uncommon trap -58 fr.pc 0x00000000360d6c60
Event: 231.700 Thread 0x0000000055044800 Uncommon trap -58 fr.pc 0x00000000360d6c60
Event: 231.788 Thread 0x0000000053b27000 Uncommon trap -83 fr.pc 0x00000000360bb30c
Event: 243.163 Thread 0x0000000053b27000 Uncommon trap -58 fr.pc 0x0000000035f12b80
Event: 243.171 Thread 0x0000000053b27000 Uncommon trap -58 fr.pc 0x00000000360957b8
Event: 243.172 Thread 0x0000000053b27000 Uncommon trap -83 fr.pc 0x0000000035daea30
Event: 243.176 Thread 0x0000000055044800 Uncommon trap -34 fr.pc 0x00000000360ed608
Event: 243.335 Thread 0x0000000055044800 Uncommon trap -34 fr.pc 0x00000000360dce80

Internal exceptions (10 events):
Event: 231.790 Thread 0x0000000055044800 Threw 0x00000000fab7cf78 at C:\jdk7u1_64p\jdk7u11\hotspot\src\share\vm\runtime\reflection.cpp:1039
Event: 243.181 Thread 0x0000000055044800 Threw 0x00000000fb74a0e8 at C:\jdk7u1_64p\jdk7u11\hotspot\src\share\vm\runtime\reflection.cpp:1039
Event: 243.190 Thread 0x0000000055044800 Threw 0x00000000fb81e028 at C:\jdk7u1_64p\jdk7u11\hotspot\src\share\vm\runtime\reflection.cpp:1039
Event: 243.196 Thread 0x0000000055044800 Threw 0x00000000fb91d4a8 at C:\jdk7u1_64p\jdk7u11\hotspot\src\share\vm\runtime\reflection.cpp:1039
Event: 243.197 Thread 0x0000000055044800 Threw 0x00000000fb970118 at C:\jdk7u1_64p\jdk7u11\hotspot\src\share\vm\runtime\reflection.cpp:1039
Event: 243.198 Thread 0x0000000055044800 Threw 0x00000000fb991788 at C:\jdk7u1_64p\jdk7u11\hotspot\src\share\vm\runtime\reflection.cpp:1039
Event: 243.201 Thread 0x0000000055044800 Threw 0x00000000fba82e48 at C:\jdk7u1_64p\jdk7u11\hotspot\src\share\vm\runtime\reflection.cpp:1039
Event: 243.207 Thread 0x0000000055044800 Threw 0x00000000fbb3c190 at C:\jdk7u1_64p\jdk7u11\hotspot\src\share\vm\runtime\reflection.cpp:1039
Event: 243.335 Thread 0x0000000055044800 Threw 0x00000000fbec6010 at C:\jdk7u1_64p\jdk7u11\hotspot\src\share\vm\prims\jvm.cpp:1166
Event: 243.336 Thread 0x0000000055044800 Implicit null exception at 0x00000000360876ee to 0x0000000000000000

Events (10 events):
Event: 243.187 Thread 0x000000003567b800 flushing nmethod 0x0000000036060f10
Event: 243.187 Thread 0x000000003567b800 flushing nmethod 0x000000003606a410
Event: 243.191 Executing VM operation: BulkRevokeBias
Event: 243.191 Executing VM operation: BulkRevokeBias done
Event: 243.241 Thread 0x0000000035680800 flushing nmethod 0x000000003609cd50
Event: 243.241 Thread 0x0000000035680800 flushing nmethod 0x00000000360d20d0
Event: 243.335 loading class 0x00000000990000e0
Event: 243.335 loading class 0x00000000990000e0 done
Event: 243.335 Thread 0x0000000055044800 DEOPT PACKING pc=0x00000000360dce80 sp=0x0000000146aac4f0
Event: 243.335 Thread 0x0000000055044800 DEOPT UNPACKING pc=0x0000000035c39164 sp=0x0000000146aac498 mode 2


Dynamic libraries:
0x0000000140000000 - 0x0000000140029000 	C:\Program Files\MATLAB\R2013b\bin\win64\MATLAB.exe
0x0000000077b70000 - 0x0000000077d1a000 	C:\Windows\SYSTEM32\ntdll.dll
0x0000000077950000 - 0x0000000077a6f000 	C:\Windows\system32\kernel32.dll
0x000007fefda00000 - 0x000007fefda6a000 	C:\Windows\system32\KERNELBASE.dll
0x000000006f060000 - 0x000000006f3dc000 	C:\Program Files\MATLAB\R2013b\bin\win64\libmwservices.dll
0x000000006fe80000 - 0x000000006ff56000 	C:\Program Files\MATLAB\R2013b\bin\win64\libmwi18n.dll
0x000000006fe70000 - 0x000000006fe7d000 	C:\Program Files\MATLAB\R2013b\bin\win64\libmwresource_core.dll
0x000000006c7d0000 - 0x000000006c868000 	C:\Program Files\MATLAB\R2013b\bin\win64\MSVCP100.dll
0x000000006af50000 - 0x000000006b022000 	C:\Program Files\MATLAB\R2013b\bin\win64\MSVCR100.dll
0x000000006e400000 - 0x000000006e40e000 	C:\Program Files\MATLAB\R2013b\bin\win64\boost_date_time-vc100-mt-1_49.dll
0x000000006c7a0000 - 0x000000006c7cc000 	C:\Program Files\MATLAB\R2013b\bin\win64\boost_filesystem-vc100-mt-1_49.dll
0x000000006e7f0000 - 0x000000006e7f9000 	C:\Program Files\MATLAB\R2013b\bin\win64\boost_system-vc100-mt-1_49.dll
0x000007feffd00000 - 0x000007feffddb000 	C:\Windows\system32\ADVAPI32.dll
0x000007fefe930000 - 0x000007fefe9cf000 	C:\Windows\system32\msvcrt.dll
0x000007fefec80000 - 0x000007fefec9f000 	C:\Windows\SYSTEM32\sechost.dll
0x000007fefe120000 - 0x000007fefe24d000 	C:\Windows\system32\RPCRT4.dll
0x000000006af20000 - 0x000000006af45000 	C:\Program Files\MATLAB\R2013b\bin\win64\LIBEXPAT.dll
0x0000000058c80000 - 0x0000000058e0a000 	C:\Program Files\MATLAB\R2013b\bin\win64\icuin49.dll
0x000000006ade0000 - 0x000000006af1e000 	C:\Program Files\MATLAB\R2013b\bin\win64\icuuc49.dll
0x0000000057140000 - 0x0000000058262000 	C:\Program Files\MATLAB\R2013b\bin\win64\icudt49.dll
0x000000006add0000 - 0x000000006ade0000 	C:\Program Files\MATLAB\R2013b\bin\win64\icuio49.dll
0x0000000004210000 - 0x00000000042cb000 	C:\Program Files\MATLAB\R2013b\bin\win64\libut.dll
0x000000006f960000 - 0x000000006fb07000 	C:\Program Files\MATLAB\R2013b\bin\win64\libmwfl.dll
0x00000000042d0000 - 0x00000000046df000 	C:\Program Files\MATLAB\R2013b\bin\win64\libmwMATLAB_res.dll
0x0000000058ba0000 - 0x0000000058c7f000 	C:\Program Files\MATLAB\R2013b\bin\win64\boost_regex-vc100-mt-1_49.dll
0x0000000077a70000 - 0x0000000077b6a000 	C:\Windows\system32\USER32.dll
0x000007fefe820000 - 0x000007fefe887000 	C:\Windows\system32\GDI32.dll
0x000007fefe690000 - 0x000007fefe69e000 	C:\Windows\system32\LPK.dll
0x000007fefebb0000 - 0x000007fefec7a000 	C:\Windows\system32\USP10.dll
0x000000006adb0000 - 0x000000006adc1000 	C:\Program Files\MATLAB\R2013b\bin\win64\boost_signals-vc100-mt-1_49.dll
0x0000000063ac0000 - 0x0000000063ad1000 	C:\Program Files\MATLAB\R2013b\bin\win64\boost_thread-vc100-mt-1_49.dll
0x0000000058b10000 - 0x0000000058b9c000 	C:\Program Files\MATLAB\R2013b\bin\win64\boost_log-vc100-mt-1_49.dll
0x0000000077d40000 - 0x0000000077d47000 	C:\Windows\system32\PSAPI.DLL
0x000007fefdc10000 - 0x000007fefdc5d000 	C:\Windows\system32\WS2_32.dll
0x000007fefe110000 - 0x000007fefe118000 	C:\Windows\system32\NSI.dll
0x000007fee68f0000 - 0x000007fee6923000 	C:\Program Files\MATLAB\R2013b\bin\win64\tbb.dll
0x000007fefe910000 - 0x000007fefe929000 	C:\Windows\system32\imagehlp.dll
0x000007fefc2f0000 - 0x000007fefc31c000 	C:\Windows\system32\POWRPROF.dll
0x000007fefe9d0000 - 0x000007fefeba7000 	C:\Windows\system32\SETUPAPI.dll
0x000007fefdad0000 - 0x000007fefdb06000 	C:\Windows\system32\CFGMGR32.dll
0x000007fefe250000 - 0x000007fefe32a000 	C:\Windows\system32\OLEAUT32.dll
0x000007fefdc60000 - 0x000007fefde63000 	C:\Windows\system32\ole32.dll
0x000007fefdaa0000 - 0x000007fefdaba000 	C:\Windows\system32\DEVOBJ.dll
0x00000000046e0000 - 0x00000000047db000 	C:\Program Files\MATLAB\R2013b\bin\win64\libmx.dll
0x000007fefaaa0000 - 0x000007fefaac8000 	C:\Program Files\MATLAB\R2013b\bin\win64\tbbmalloc.dll
0x0000000058af0000 - 0x0000000058b07000 	C:\Program Files\MATLAB\R2013b\bin\win64\zlib1.dll
0x000000006ef00000 - 0x000000006ef4e000 	C:\Program Files\MATLAB\R2013b\bin\win64\libmwregexp.dll
0x000000006eeb0000 - 0x000000006eef7000 	C:\Program Files\MATLAB\R2013b\bin\win64\mpath.dll
0x00000000047e0000 - 0x0000000004e08000 	C:\Program Files\MATLAB\R2013b\bin\win64\mlutil.dll
0x000000006e870000 - 0x000000006e8e7000 	C:\Program Files\MATLAB\R2013b\bin\win64\xmlcore.dll
0x00000000588a0000 - 0x0000000058ae1000 	C:\Program Files\MATLAB\R2013b\bin\win64\xerces-c_2_7.dll
0x000000006e5f0000 - 0x000000006e613000 	C:\Program Files\MATLAB\R2013b\bin\win64\libmwMATLAB_settings_res.dll
0x000000006e3a0000 - 0x000000006e3b0000 	C:\Program Files\MATLAB\R2013b\bin\win64\boost_iostreams-vc100-mt-1_49.dll
0x0000000058850000 - 0x0000000058896000 	C:\Program Files\MATLAB\R2013b\bin\win64\boost_serialization-vc100-mt-1_49.dll
0x000007fefeca0000 - 0x000007feffa2a000 	C:\Windows\system32\SHELL32.dll
0x000007fefe890000 - 0x000007fefe901000 	C:\Windows\system32\SHLWAPI.dll
0x000000006e580000 - 0x000000006e586000 	C:\Program Files\MATLAB\R2013b\bin\win64\libmwnativedisplay.dll
0x00000000685f0000 - 0x000000006863d000 	C:\Program Files\MATLAB\R2013b\bin\win64\opccore.dll
0x00000000684f0000 - 0x00000000685c6000 	C:\Program Files\MATLAB\R2013b\bin\win64\opcmodel.dll
0x00000000684c0000 - 0x00000000684ed000 	C:\Program Files\MATLAB\R2013b\bin\win64\opczippackage.dll
0x000000006ada0000 - 0x000000006adae000 	C:\Program Files\MATLAB\R2013b\bin\win64\libminizip.dll
0x0000000068340000 - 0x00000000683a6000 	C:\Program Files\MATLAB\R2013b\bin\win64\opcmwservices.dll
0x000007fef80c0000 - 0x000007fef8160000 	C:\Windows\WinSxS\amd64_microsoft.windows.common-controls_6595b64144ccf1df_5.82.7601.18837_none_a4d981ff711297b6\COMCTL32.dll
0x000007feffde0000 - 0x000007feffe77000 	C:\Windows\system32\COMDLG32.dll
0x000007fefb4d0000 - 0x000007fefb4e6000 	C:\Windows\system32\NETAPI32.dll
0x000007fefb4c0000 - 0x000007fefb4cc000 	C:\Windows\system32\netutils.dll
0x000007fefd2f0000 - 0x000007fefd313000 	C:\Windows\system32\srvcli.dll
0x000007fefb4a0000 - 0x000007fefb4b5000 	C:\Windows\system32\wkscli.dll
0x000000006e4d0000 - 0x000000006e57d000 	C:\Program Files\MATLAB\R2013b\bin\win64\mcr.dll
0x0000000004e20000 - 0x00000000051e0000 	C:\Program Files\MATLAB\R2013b\bin\win64\iqm.dll
0x0000000180000000 - 0x00000001800c2000 	C:\Program Files\MATLAB\R2013b\bin\win64\m_dispatcher.dll
0x00000000051e0000 - 0x00000000059db000 	C:\Program Files\MATLAB\R2013b\bin\win64\m_interpreter.dll
0x000000006d760000 - 0x000000006d784000 	C:\Program Files\MATLAB\R2013b\bin\win64\libmex.dll
0x000000006d6e0000 - 0x000000006d75b000 	C:\Program Files\MATLAB\R2013b\bin\win64\profiler.dll
0x000000006d450000 - 0x000000006d5c8000 	C:\Program Files\MATLAB\R2013b\bin\win64\libmwmathutil.dll
0x000000006d420000 - 0x000000006d447000 	C:\Program Files\MATLAB\R2013b\bin\win64\libmwmathrng.dll
0x000000006d410000 - 0x000000006d420000 	C:\Program Files\MATLAB\R2013b\bin\win64\libmwmfl_rng.dll
0x00000000059e0000 - 0x0000000005af8000 	C:\Program Files\MATLAB\R2013b\bin\win64\libmwmathcore.dll
0x000000006d2b0000 - 0x000000006d313000 	C:\Program Files\MATLAB\R2013b\bin\win64\libmwspmatrix.dll
0x0000000005b00000 - 0x0000000005d62000 	C:\Program Files\MATLAB\R2013b\bin\win64\mcos.dll
0x000000006cfc0000 - 0x000000006d01c000 	C:\Program Files\MATLAB\R2013b\bin\win64\libmwcholmod.dll
0x000000006cfb0000 - 0x000000006cfbc000 	C:\Program Files\MATLAB\R2013b\bin\win64\libmwamd.dll
0x000000006cfa0000 - 0x000000006cfab000 	C:\Program Files\MATLAB\R2013b\bin\win64\libmwcolamd.dll
0x000000006cf80000 - 0x000000006cf93000 	C:\Program Files\MATLAB\R2013b\bin\win64\libmwblas.dll
0x000000006cf60000 - 0x000000006cf75000 	C:\Program Files\MATLAB\R2013b\bin\win64\libmwbinder.dll
0x000000006cf50000 - 0x000000006cf5b000 	C:\Program Files\MATLAB\R2013b\bin\win64\libmwompwrapper.dll
0x000000006ced0000 - 0x000000006cf4f000 	C:\Program Files\MATLAB\R2013b\bin\win64\libmwlapack.dll
0x000000006ceb0000 - 0x000000006ced0000 	C:\Program Files\MATLAB\R2013b\bin\win64\m_pcodeio.dll
0x000000006ce50000 - 0x000000006ceac000 	C:\Program Files\MATLAB\R2013b\bin\win64\m_ir.dll
0x0000000005d70000 - 0x0000000006425000 	C:\Program Files\MATLAB\R2013b\bin\win64\m_parser.dll
0x000000006c780000 - 0x000000006c797000 	C:\Program Files\MATLAB\R2013b\bin\win64\ir_xfmr.dll
0x000000006c770000 - 0x000000006c780000 	C:\Program Files\MATLAB\R2013b\bin\win64\mtok.dll
0x000000006c740000 - 0x000000006c768000 	C:\Program Files\MATLAB\R2013b\bin\win64\m_pcodegen.dll
0x000007fefab50000 - 0x000007fefac75000 	C:\Windows\system32\dbghelp.dll
0x000000006c710000 - 0x000000006c73f000 	C:\Program Files\MATLAB\R2013b\bin\win64\libmwbridge.dll
0x000000006c650000 - 0x000000006c706000 	C:\Program Files\MATLAB\R2013b\bin\win64\udd.dll
0x0000000006430000 - 0x0000000006581000 	C:\Program Files\MATLAB\R2013b\bin\win64\libmwgui.dll
0x000000006c4d0000 - 0x000000006c4f8000 	C:\Program Files\MATLAB\R2013b\bin\win64\graphics_util.dll
0x0000000058790000 - 0x0000000058848000 	C:\Program Files\MATLAB\R2013b\bin\win64\libtex_base.dll
0x000000006bac0000 - 0x000000006c426000 	C:\Program Files\MATLAB\R2013b\bin\win64\hg.dll
0x000000006ba60000 - 0x000000006babd000 	C:\Program Files\MATLAB\R2013b\bin\win64\libmat.dll
0x000000006b850000 - 0x000000006ba58000 	C:\Program Files\MATLAB\R2013b\bin\win64\hdf5dll.dll
0x000000006b780000 - 0x000000006b848000 	C:\Program Files\MATLAB\R2013b\bin\win64\jmi.dll
0x000000006b770000 - 0x000000006b77e000 	C:\Program Files\MATLAB\R2013b\bin\win64\nativejava_services.dll
0x00000000065a0000 - 0x00000000065e2000 	C:\Program Files\MATLAB\R2013b\bin\win64\libmwhardcopy.dll
0x000000006b6d0000 - 0x000000006b72e000 	C:\Program Files\MATLAB\R2013b\bin\win64\libuij.dll
0x000000006b490000 - 0x000000006b695000 	C:\Program Files\MATLAB\R2013b\bin\win64\hgdatatypes.dll
0x00000000065f0000 - 0x0000000006702000 	C:\Program Files\MATLAB\R2013b\bin\win64\hgutils.dll
0x000000006b2f0000 - 0x000000006b39e000 	C:\Program Files\MATLAB\R2013b\bin\win64\udd_mi.dll
0x000000006b2b0000 - 0x000000006b2e6000 	C:\Program Files\MATLAB\R2013b\bin\win64\libmwgbtutils.dll
0x000000006b290000 - 0x000000006b2a3000 	C:\Program Files\MATLAB\R2013b\bin\win64\libmwgbt.dll
0x0000000006710000 - 0x00000000069df000 	C:\Program Files\MATLAB\R2013b\bin\win64\uiw.dll
0x00000000069e0000 - 0x00000000069e9000 	C:\Program Files\MATLAB\R2013b\bin\win64\uinone.dll
0x00000000069f0000 - 0x0000000006a1c000 	C:\Program Files\MATLAB\R2013b\bin\win64\libmwnativedialogs.dll
0x0000000006a30000 - 0x0000000006a3c000 	C:\Program Files\MATLAB\R2013b\bin\win64\libmwplatform_res.dll
0x000007fefa300000 - 0x000007fefa318000 	C:\Windows\system32\MPR.dll
0x0000000056be0000 - 0x000000005713d000 	C:\Program Files\MATLAB\R2013b\bin\win64\mfc100.dll
0x000007fefb180000 - 0x000007fefb187000 	C:\Windows\system32\MSIMG32.dll
0x000007fef8dc0000 - 0x000007fef8e31000 	C:\Windows\system32\WINSPOOL.DRV
0x0000000006a40000 - 0x0000000006a5d000 	C:\Program Files\MATLAB\R2013b\bin\win64\mwoles05.DLL
0x0000000006a60000 - 0x0000000006acc000 	C:\Program Files\MATLAB\R2013b\bin\win64\comcli.dll
0x0000000058760000 - 0x000000005878b000 	C:\Program Files\MATLAB\R2013b\bin\win64\ATL100.DLL
0x0000000006ad0000 - 0x0000000006adc000 	C:\Program Files\MATLAB\R2013b\bin\win64\mlautoregister.dll
0x0000000006ae0000 - 0x0000000006c4f000 	C:\Program Files\MATLAB\R2013b\bin\win64\mvm.dll
0x000007fefe330000 - 0x000007fefe35e000 	C:\Windows\system32\IMM32.DLL
0x000007fefde70000 - 0x000007fefdf79000 	C:\Windows\system32\MSCTF.dll
0x000007fefbf80000 - 0x000007fefbfd6000 	C:\Windows\system32\UxTheme.dll
0x000007fefb7b0000 - 0x000007fefb7c8000 	C:\Windows\system32\dwmapi.dll

VM Arguments:
jvm_args: -XX:PermSize=32m -Xms64m -XX:NewRatio=3 -XX:MaxPermSize=128m -Xmx384m -XX:MaxDirectMemorySize=2147400000 -Dsun.java2d.noddraw=true -Dsun.awt.nopixfmt=true -Xshare:off -Xrs -XX:-UseSplitVerifier -Djava.library.path=C:\Program Files\MATLAB\R2013b\bin\win64;C:\Program Files\MATLAB\R2013b\sys\jxbrowser\win64\lib vfprintf abort -Duser.language=he -Duser.country=IL 
java_command: <unknown>
Launcher Type: generic

Environment Variables:
PATH=C:\Program Files (x86)\Intel\iCLS Client\;C:\Program Files\Intel\iCLS Client\;C:\Windows\system32;C:\Windows;C:\Windows\System32\Wbem;C:\Windows\System32\WindowsPowerShell\v1.0\;C:\Program Files\Intel\Intel(R) Management Engine Components\DAL;C:\Program Files\Intel\Intel(R) Management Engine Components\IPT;C:\Program Files (x86)\Intel\Intel(R) Management Engine Components\DAL;C:\Program Files (x86)\Intel\Intel(R) Management Engine Components\IPT;C:\Program Files\MATLAB\R2013b\runtime\win64;C:\Program Files\MATLAB\R2013b\bin;C:\Program Files (x86)\MiKTeX 2.9\miktex\bin\;C:\Program Files\MATLAB\R2013b\polyspace\bin
USERNAME=Eyal Rozenberg
OS=Windows_NT
PROCESSOR_IDENTIFIER=Intel64 Family 6 Model 58 Stepping 9, GenuineIntel



---------------  S Y S T E M  ---------------

OS: Windows 7 , 64 bit Build 7601 Service Pack 1

CPU:total 4 (4 cores per cpu, 2 threads per core) family 6 model 58 stepping 9, cmov, cx8, fxsr, mmx, sse, sse2, sse3, ssse3, sse4.1, sse4.2, popcnt, avx, ht, tsc, tscinvbit, tscinv

Memory: 4k page, physical 16730672k(11024124k free), swap 33459484k(27391568k free)

vm_info: Java HotSpot(TM) 64-Bit Server VM (23.6-b04) for windows-amd64 JRE (1.7.0_11-b21), built on Jan 12 2013 02:38:42 by "java_re" with unknown MS VC++:1600

time: Thu Mar 16 11:43:31 2017
elapsed time: 243 seconds

